<?xml version="1.0" encoding="UTF-8"?>
<!-- Generated by org.testng.reporters.JUnitReportReporter -->
<testsuite hostname="DESKTOP-E6P5LRB" failures="0" tests="2" name="testCases.TC001_AccountRegistrationTest" time="6.558" errors="0" timestamp="2025-05-09T13:45:11 IST" skipped="0">
  <testcase classname="testCases.TC001_AccountRegistrationTest" name="verify_account_Registration" time="2.449"/>
  <testcase classname="testCases.TC001_AccountRegistrationTest" name="verify_account_Registration" time="4.109"/>
</testsuite> <!-- testCases.TC001_AccountRegistrationTest -->
