<?xml version="1.0" encoding="UTF-8"?>
<!-- Generated by org.testng.reporters.JUnitReportReporter -->
<testsuite hostname="DESKTOP-E6P5LRB" failures="0" tests="2" name="testCases.TC002_LoginTest" time="4.442" errors="0" timestamp="2025-05-09T13:45:11 IST" skipped="0">
  <testcase classname="testCases.TC002_LoginTest" name="verify_login" time="1.439"/>
  <testcase classname="testCases.TC002_LoginTest" name="verify_login" time="3.003"/>
</testsuite> <!-- testCases.TC002_LoginTest -->
